{"level":"error","message":"Error al conectar a ecommerceError: querySrv ECONNREFUSED _mongodb._tcp.codercluster.h6dtsj6.mongodb.net"}
{"level":"error","message":"Error al conectar a ecommerceError: querySrv ECONNREFUSED _mongodb._tcp.codercluster.h6dtsj6.mongodb.net"}
{"level":"error","message":"Error al conectar a ecommerceError: querySrv ECONNREFUSED _mongodb._tcp.codercluster.h6dtsj6.mongodb.net"}
{"level":"error","message":"Error al conectar a ecommerceError: querySrv ECONNREFUSED _mongodb._tcp.codercluster.h6dtsj6.mongodb.net"}
{"level":"error","message":"Error al conectar a ecommerceError: querySrv ECONNREFUSED _mongodb._tcp.codercluster.h6dtsj6.mongodb.net"}
{"level":"error","message":"Error al conectar a ecommerceError: querySrv ECONNREFUSED _mongodb._tcp.codercluster.h6dtsj6.mongodb.net"}
{"level":"error","message":"Error al conectar a ecommerceError: querySrv ECONNREFUSED _mongodb._tcp.codercluster.h6dtsj6.mongodb.net"}
{"level":"error","message":"Error al conectar a ecommerceError: querySrv ECONNREFUSED _mongodb._tcp.codercluster.h6dtsj6.mongodb.net"}
{"level":"error","message":"Error al conectar a ecommerceError: querySrv ECONNREFUSED _mongodb._tcp.codercluster.h6dtsj6.mongodb.net"}
{"level":"error","message":"No existe judeied"}
{"level":"error","message":"No existe mmm875468"}
{"level":"error","message":"No existe 34r3e"}
{"level":"error","message":"Error al conectar a testingMongoParseError: Invalid scheme, expected connection string to start with \"mongodb://\" or \"mongodb+srv://\""}
{"level":"error","message":"Error al conectar a testingMongoParseError: Invalid scheme, expected connection string to start with \"mongodb://\" or \"mongodb+srv://\""}
{"level":"error","message":"Error al conectar a testingMongoParseError: Invalid scheme, expected connection string to start with \"mongodb://\" or \"mongodb+srv://\""}
{"level":"error","message":"Error al conectar a testingMongoParseError: Invalid scheme, expected connection string to start with \"mongodb://\" or \"mongodb+srv://\""}
{"level":"error","message":"Error al conectar a testingMongoParseError: Invalid scheme, expected connection string to start with \"mongodb://\" or \"mongodb+srv://\""}
{"level":"error","message":"Error al conectar a testingMongoParseError: Invalid scheme, expected connection string to start with \"mongodb://\" or \"mongodb+srv://\""}
{"level":"error","message":"Error al conectar a testingMongoParseError: Invalid scheme, expected connection string to start with \"mongodb://\" or \"mongodb+srv://\""}
{"level":"error","message":"Error al conectar a testingMongoParseError: Invalid scheme, expected connection string to start with \"mongodb://\" or \"mongodb+srv://\""}
{"level":"error","message":"Error al conectar a testingMongoParseError: Invalid scheme, expected connection string to start with \"mongodb://\" or \"mongodb+srv://\""}
{"level":"error","message":"Error al conectar a testingMongoParseError: Invalid scheme, expected connection string to start with \"mongodb://\" or \"mongodb+srv://\""}
{"level":"error","message":"Error al conectar a testingMongoParseError: Invalid scheme, expected connection string to start with \"mongodb://\" or \"mongodb+srv://\""}
{"level":"error","message":"Error al conectar a testingMongoParseError: Invalid scheme, expected connection string to start with \"mongodb://\" or \"mongodb+srv://\""}
{"level":"error","message":"Error al conectar a testingMongoParseError: Invalid scheme, expected connection string to start with \"mongodb://\" or \"mongodb+srv://\""}
{"level":"error","message":"Error al conectar a testingMongoParseError: Invalid scheme, expected connection string to start with \"mongodb://\" or \"mongodb+srv://\""}
{"level":"error","message":"Error al conectar a testingMongoParseError: Invalid scheme, expected connection string to start with \"mongodb://\" or \"mongodb+srv://\""}
{"level":"error","message":"Error al conectar a testingMongoParseError: Invalid scheme, expected connection string to start with \"mongodb://\" or \"mongodb+srv://\""}
{"level":"error","message":"Error al conectar a testingMongoParseError: Invalid scheme, expected connection string to start with \"mongodb://\" or \"mongodb+srv://\""}
{"level":"error","message":"Error al conectar a testingMongoParseError: Invalid scheme, expected connection string to start with \"mongodb://\" or \"mongodb+srv://\""}
{"level":"error","message":"Error al conectar a testingMongoParseError: Invalid scheme, expected connection string to start with \"mongodb://\" or \"mongodb+srv://\""}
{"level":"error","message":"Error al conectar a testingMongoParseError: Invalid scheme, expected connection string to start with \"mongodb://\" or \"mongodb+srv://\""}
{"level":"error","message":"Error al conectar a testingMongoParseError: Invalid scheme, expected connection string to start with \"mongodb://\" or \"mongodb+srv://\""}
{"level":"error","message":"Error al conectar a testingMongoParseError: Invalid scheme, expected connection string to start with \"mongodb://\" or \"mongodb+srv://\""}
{"level":"error","message":"Error al conectar a testingMongoParseError: Invalid scheme, expected connection string to start with \"mongodb://\" or \"mongodb+srv://\""}
{"level":"error","message":"Error al conectar a testingMongoParseError: Invalid scheme, expected connection string to start with \"mongodb://\" or \"mongodb+srv://\""}
{"level":"error","message":"Error al conectar a testingMongoParseError: Invalid scheme, expected connection string to start with \"mongodb://\" or \"mongodb+srv://\""}
{"level":"error","message":"Error al conectar a testingMongoParseError: Invalid scheme, expected connection string to start with \"mongodb://\" or \"mongodb+srv://\""}
{"level":"error","message":"Error al conectar a testingMongoParseError: Invalid scheme, expected connection string to start with \"mongodb://\" or \"mongodb+srv://\""}
{"level":"error","message":"Error al conectar a testingMongoParseError: Invalid scheme, expected connection string to start with \"mongodb://\" or \"mongodb+srv://\""}
{"level":"error","message":"Error al conectar a testingMongoParseError: Invalid scheme, expected connection string to start with \"mongodb://\" or \"mongodb+srv://\""}
{"level":"error","message":"Error al conectar a testingMongoParseError: Invalid scheme, expected connection string to start with \"mongodb://\" or \"mongodb+srv://\""}
{"level":"error","message":"Error al conectar a testingMongoParseError: Invalid scheme, expected connection string to start with \"mongodb://\" or \"mongodb+srv://\""}
{"level":"error","message":"Error al conectar a testingMongoParseError: Invalid scheme, expected connection string to start with \"mongodb://\" or \"mongodb+srv://\""}
{"level":"error","message":"Error al conectar a testingMongoParseError: Invalid scheme, expected connection string to start with \"mongodb://\" or \"mongodb+srv://\""}
{"level":"error","message":"Error al conectar a testingMongoParseError: Invalid scheme, expected connection string to start with \"mongodb://\" or \"mongodb+srv://\""}
{"level":"error","message":"Error al conectar a testingMongoParseError: Invalid scheme, expected connection string to start with \"mongodb://\" or \"mongodb+srv://\""}
