{"level":"warning","message":"Método GET en /favicon.ico - No existe la ruta"}
{"level":"warning","message":"Método GET en /favicon.ico - No existe la ruta"}
{"level":"warning","message":"Método GET en /favicon.ico - No existe la ruta"}
{"level":"warning","message":"Método GET en /favicon.ico - No existe la ruta"}
{"level":"warning","message":"Método GET en /socket.io/?EIO=4&transport=polling&t=ONfBrVp - No existe la ruta"}
{"level":"warning","message":"Método GET en /socket.io/?EIO=4&transport=polling&t=ONfBszZ - No existe la ruta"}
{"level":"warning","message":"Método GET en /socket.io/?EIO=4&transport=polling&t=ONfBuRS - No existe la ruta"}
{"level":"warning","message":"Método GET en /socket.io/?EIO=4&transport=polling&t=ONfBvv9 - No existe la ruta"}
{"level":"warning","message":"Método GET en /socket.io/?EIO=4&transport=polling&t=ONfBxMw - No existe la ruta"}
{"level":"warning","message":"Método GET en /socket.io/?EIO=4&transport=polling&t=ONfByqi - No existe la ruta"}
{"level":"warning","message":"Método GET en /socket.io/?EIO=4&transport=polling&t=ONfB-IL - No existe la ruta"}
{"level":"warning","message":"Método GET en /socket.io/?EIO=4&transport=polling&t=ONfB_m9 - No existe la ruta"}
{"level":"warning","message":"Método GET en /favicon.ico - No existe la ruta"}
{"level":"warning","message":"Método GET en /favicon.ico - No existe la ruta"}
{"level":"warning","message":"Método GET en /favicon.ico - No existe la ruta"}
{"level":"warning","message":"Método GET en /favicon.ico - No existe la ruta"}
{"level":"warning","message":"Método GET en /favicon.ico - No existe la ruta"}
{"level":"warning","message":"Método GET en /favicon.ico - No existe la ruta"}
{"level":"warning","message":"Método GET en /favicon.ico - No existe la ruta"}
{"level":"warning","message":"Método GET en /favicon.ico - No existe la ruta"}
{"level":"warning","message":"Método GET en /favicon.ico - No existe la ruta"}
{"level":"warning","message":"Método GET en /favicon.ico - No existe la ruta"}
{"level":"warning","message":"Método GET en /favicon.ico - No existe la ruta"}
{"level":"warning","message":"Método GET en /favicon.ico - No existe la ruta"}
{"level":"warning","message":"Método GET en /favicon.ico - No existe la ruta"}
{"level":"warning","message":"Método GET en /favicon.ico - No existe la ruta"}
{"level":"warning","message":"Método GET en /favicon.ico - No existe la ruta"}
{"level":"warning","message":"Método GET en /favicon.ico - No existe la ruta"}
{"level":"warning","message":"Método GET en /favicon.ico - No existe la ruta"}
{"level":"warning","message":"Método GET en /favicon.ico - No existe la ruta"}
{"level":"warning","message":"Método GET en /favicon.ico - No existe la ruta"}
{"level":"warning","message":"Método GET en /favicon.ico - No existe la ruta"}
{"level":"warning","message":"Método GET en /favicon.ico - No existe la ruta"}
{"level":"warning","message":"Método GET en /favicon.ico - No existe la ruta"}
{"level":"warning","message":"Método GET en /favicon.ico - No existe la ruta"}
{"level":"warning","message":"Método GET en /favicon.ico - No existe la ruta"}
{"level":"warning","message":"Método GET en /favicon.ico - No existe la ruta"}
{"level":"warning","message":"Método GET en /favicon.ico - No existe la ruta"}
{"level":"warning","message":"Método GET en /favicon.ico - No existe la ruta"}
{"level":"warning","message":"Método GET en /favicon.ico - No existe la ruta"}
{"level":"warning","message":"Método GET en /favicon.ico - No existe la ruta"}
{"level":"warning","message":"Método GET en /favicon.ico - No existe la ruta"}
{"level":"warning","message":"Método GET en /favicon.ico - No existe la ruta"}
{"level":"warning","message":"Método GET en /favicon.ico - No existe la ruta"}
{"level":"warning","message":"Método GET en /favicon.ico - No existe la ruta"}
{"level":"warning","message":"Método GET en /favicon.ico - No existe la ruta"}
{"level":"warning","message":"Método GET en /favicon.ico - No existe la ruta"}
{"level":"warning","message":"Método GET en /favicon.ico - No existe la ruta"}
{"level":"warning","message":"Método GET en /favicon.ico - No existe la ruta"}
{"level":"warning","message":"Método GET en /favicon.ico - No existe la ruta"}
{"level":"warning","message":"Método GET en /favicon.ico - No existe la ruta"}
{"level":"warning","message":"Método GET en /favicon.ico - No existe la ruta"}
{"level":"warning","message":"Método GET en /favicon.ico - No existe la ruta"}
{"level":"warning","message":"Método GET en /favicon.ico - No existe la ruta"}
{"level":"error","message":"Error al conectar a ecommerceError: querySrv ECONNREFUSED _mongodb._tcp.codercluster.h6dtsj6.mongodb.net"}
{"level":"error","message":"Error al conectar a ecommerceError: querySrv ECONNREFUSED _mongodb._tcp.codercluster.h6dtsj6.mongodb.net"}
{"level":"error","message":"Error al conectar a ecommerceError: querySrv ECONNREFUSED _mongodb._tcp.codercluster.h6dtsj6.mongodb.net"}
{"level":"error","message":"Error al conectar a ecommerceError: querySrv ECONNREFUSED _mongodb._tcp.codercluster.h6dtsj6.mongodb.net"}
{"level":"error","message":"Error al conectar a ecommerceError: querySrv ECONNREFUSED _mongodb._tcp.codercluster.h6dtsj6.mongodb.net"}
{"level":"error","message":"Error al conectar a ecommerceError: querySrv ECONNREFUSED _mongodb._tcp.codercluster.h6dtsj6.mongodb.net"}
{"level":"error","message":"Error al conectar a ecommerceError: querySrv ECONNREFUSED _mongodb._tcp.codercluster.h6dtsj6.mongodb.net"}
{"level":"error","message":"Error al conectar a ecommerceError: querySrv ECONNREFUSED _mongodb._tcp.codercluster.h6dtsj6.mongodb.net"}
{"level":"error","message":"Error al conectar a ecommerceError: querySrv ECONNREFUSED _mongodb._tcp.codercluster.h6dtsj6.mongodb.net"}
{"level":"warning","message":"Método GET en /favicon.ico - No existe la ruta"}
{"level":"warning","message":"Método GET en /favicon.ico - No existe la ruta"}
{"level":"warning","message":"Método GET en /favicon.ico - No existe la ruta"}
{"level":"warning","message":"Método GET en /login - No existe la ruta"}
{"level":"warning","message":"Método GET en /favicon.ico - No existe la ruta"}
{"level":"warning","message":"Método GET en / - No existe la ruta"}
{"level":"warning","message":"Método GET en /favicon.ico - No existe la ruta"}
{"level":"warning","message":"Método GET en / - No existe la ruta"}
{"level":"warning","message":"Método GET en /favicon.ico - No existe la ruta"}
{"level":"warning","message":"Método GET en / - No existe la ruta"}
{"level":"warning","message":"Método GET en /favicon.ico - No existe la ruta"}
{"level":"warning","message":"Método GET en / - No existe la ruta"}
{"level":"warning","message":"Método GET en /favicon.ico - No existe la ruta"}
{"level":"error","message":"No existe judeied"}
{"level":"error","message":"No existe mmm875468"}
{"level":"error","message":"No existe 34r3e"}
{"level":"error","message":"Error al conectar a testingMongoParseError: Invalid scheme, expected connection string to start with \"mongodb://\" or \"mongodb+srv://\""}
{"level":"error","message":"Error al conectar a testingMongoParseError: Invalid scheme, expected connection string to start with \"mongodb://\" or \"mongodb+srv://\""}
{"level":"error","message":"Error al conectar a testingMongoParseError: Invalid scheme, expected connection string to start with \"mongodb://\" or \"mongodb+srv://\""}
{"level":"error","message":"Error al conectar a testingMongoParseError: Invalid scheme, expected connection string to start with \"mongodb://\" or \"mongodb+srv://\""}
{"level":"error","message":"Error al conectar a testingMongoParseError: Invalid scheme, expected connection string to start with \"mongodb://\" or \"mongodb+srv://\""}
{"level":"error","message":"Error al conectar a testingMongoParseError: Invalid scheme, expected connection string to start with \"mongodb://\" or \"mongodb+srv://\""}
{"level":"error","message":"Error al conectar a testingMongoParseError: Invalid scheme, expected connection string to start with \"mongodb://\" or \"mongodb+srv://\""}
{"level":"error","message":"Error al conectar a testingMongoParseError: Invalid scheme, expected connection string to start with \"mongodb://\" or \"mongodb+srv://\""}
{"level":"error","message":"Error al conectar a testingMongoParseError: Invalid scheme, expected connection string to start with \"mongodb://\" or \"mongodb+srv://\""}
{"level":"error","message":"Error al conectar a testingMongoParseError: Invalid scheme, expected connection string to start with \"mongodb://\" or \"mongodb+srv://\""}
{"level":"error","message":"Error al conectar a testingMongoParseError: Invalid scheme, expected connection string to start with \"mongodb://\" or \"mongodb+srv://\""}
{"level":"error","message":"Error al conectar a testingMongoParseError: Invalid scheme, expected connection string to start with \"mongodb://\" or \"mongodb+srv://\""}
{"level":"error","message":"Error al conectar a testingMongoParseError: Invalid scheme, expected connection string to start with \"mongodb://\" or \"mongodb+srv://\""}
{"level":"error","message":"Error al conectar a testingMongoParseError: Invalid scheme, expected connection string to start with \"mongodb://\" or \"mongodb+srv://\""}
{"level":"error","message":"Error al conectar a testingMongoParseError: Invalid scheme, expected connection string to start with \"mongodb://\" or \"mongodb+srv://\""}
{"level":"error","message":"Error al conectar a testingMongoParseError: Invalid scheme, expected connection string to start with \"mongodb://\" or \"mongodb+srv://\""}
{"level":"error","message":"Error al conectar a testingMongoParseError: Invalid scheme, expected connection string to start with \"mongodb://\" or \"mongodb+srv://\""}
{"level":"error","message":"Error al conectar a testingMongoParseError: Invalid scheme, expected connection string to start with \"mongodb://\" or \"mongodb+srv://\""}
{"level":"error","message":"Error al conectar a testingMongoParseError: Invalid scheme, expected connection string to start with \"mongodb://\" or \"mongodb+srv://\""}
{"level":"error","message":"Error al conectar a testingMongoParseError: Invalid scheme, expected connection string to start with \"mongodb://\" or \"mongodb+srv://\""}
{"level":"error","message":"Error al conectar a testingMongoParseError: Invalid scheme, expected connection string to start with \"mongodb://\" or \"mongodb+srv://\""}
{"level":"error","message":"Error al conectar a testingMongoParseError: Invalid scheme, expected connection string to start with \"mongodb://\" or \"mongodb+srv://\""}
{"level":"error","message":"Error al conectar a testingMongoParseError: Invalid scheme, expected connection string to start with \"mongodb://\" or \"mongodb+srv://\""}
{"level":"error","message":"Error al conectar a testingMongoParseError: Invalid scheme, expected connection string to start with \"mongodb://\" or \"mongodb+srv://\""}
{"level":"error","message":"Error al conectar a testingMongoParseError: Invalid scheme, expected connection string to start with \"mongodb://\" or \"mongodb+srv://\""}
{"level":"error","message":"Error al conectar a testingMongoParseError: Invalid scheme, expected connection string to start with \"mongodb://\" or \"mongodb+srv://\""}
{"level":"error","message":"Error al conectar a testingMongoParseError: Invalid scheme, expected connection string to start with \"mongodb://\" or \"mongodb+srv://\""}
{"level":"error","message":"Error al conectar a testingMongoParseError: Invalid scheme, expected connection string to start with \"mongodb://\" or \"mongodb+srv://\""}
{"level":"error","message":"Error al conectar a testingMongoParseError: Invalid scheme, expected connection string to start with \"mongodb://\" or \"mongodb+srv://\""}
{"level":"error","message":"Error al conectar a testingMongoParseError: Invalid scheme, expected connection string to start with \"mongodb://\" or \"mongodb+srv://\""}
{"level":"error","message":"Error al conectar a testingMongoParseError: Invalid scheme, expected connection string to start with \"mongodb://\" or \"mongodb+srv://\""}
{"level":"error","message":"Error al conectar a testingMongoParseError: Invalid scheme, expected connection string to start with \"mongodb://\" or \"mongodb+srv://\""}
{"level":"error","message":"Error al conectar a testingMongoParseError: Invalid scheme, expected connection string to start with \"mongodb://\" or \"mongodb+srv://\""}
{"level":"error","message":"Error al conectar a testingMongoParseError: Invalid scheme, expected connection string to start with \"mongodb://\" or \"mongodb+srv://\""}
{"level":"error","message":"Error al conectar a testingMongoParseError: Invalid scheme, expected connection string to start with \"mongodb://\" or \"mongodb+srv://\""}
{"level":"warning","message":"Método GET en / - No existe la ruta"}
